<?xml version="1.0" encoding="UTF-8"?>
<!-- Generated by org.testng.reporters.JUnitReportReporter -->
<testsuite hostname="UziMac.local" name="com.perfectomobile.quantum.runners.MobileCloudCucumberRunner" tests="2" failures="0" timestamp="20 Sep 2016 11:53:22 GMT" time="55.497" errors="0">
  <testcase name="feature" time="27.951" classname="com.perfectomobile.quantum.runners.MobileCloudCucumberRunner"/>
  <testcase name="feature" time="27.546" classname="com.perfectomobile.quantum.runners.MobileCloudCucumberRunner"/>
</testsuite> <!-- com.perfectomobile.quantum.runners.MobileCloudCucumberRunner -->
