<?xml version="1.0" encoding="UTF-8"?>
<!-- Generated by org.testng.reporters.JUnitReportReporter -->
<testsuite hostname="UziMac.local" name="com.perfectomobile.quantum.runners.MyBDDRunner" tests="1" failures="0" timestamp="26 Sep 2016 19:26:48 GMT" time="48.722" errors="0">
  <testcase name="feature" time="48.722" classname="com.perfectomobile.quantum.runners.MyBDDRunner"/>
</testsuite> <!-- com.perfectomobile.quantum.runners.MyBDDRunner -->
