<?xml version="1.0" encoding="UTF-8"?>
<!-- Generated by org.testng.reporters.JUnitReportReporter -->
<testsuite hostname="UziMac.fios-router.home" name="com.perfectomobile.quantum.java.tests.audio.BLEtest" tests="2" failures="0" timestamp="11 Oct 2016 23:41:50 GMT" time="25.704" errors="1">
  <testcase name="check10" time="17.972" classname="com.perfectomobile.quantum.java.tests.audio.BLEtest">
    <error type="org.openqa.selenium.WebDriverException" message="Failed to execute command BLE GenerateChar: Unexpected error occurred while processing command &#039;BLE GenerateChar&#039;. Error message: String index out of range: -8
Command duration or timeout: 1.09 seconds
Build info: version: &#039;2.53.0&#039;, revision: &#039;35ae25b1534ae328c771e0856c93e187490ca824&#039;, time: &#039;2016-03-15 10:43:46&#039;
System info: host: &#039;UziMac.fios-router.home&#039;, ip: &#039;192.168.1.155&#039;, os.name: &#039;Mac OS X&#039;, os.arch: &#039;x86_64&#039;, os.version: &#039;10.11.1&#039;, java.version: &#039;1.8.0_45&#039;
Driver info: com.qmetry.qaf.automation.ui.webdriver.QAFExtendedWebDriver
Capabilities [{rotatable=true, testGridReportUrl=https://beta.reporting-01.perfectomobile.com?externalId[0]=uzie@perfectomobile.com_RemoteWebDriver_16-10-11_23_41_15_3723, entityType=remote_web_driver, deviceName=F15118A63C51D54E3CEA474B32CFE2ECDAF1AB70, serverConnector=, platform=ANY, executionId=uzie@perfectomobile.com_RemoteWebDriver_16-10-11_23_41_15_3723, password=, webdriver.remote.sessionid=ec508163-47b8-4164-b6f4-f1e7aab629f0, automationName=Appium, host=beta.perfectomobile.com, singleTestReportUrl=https://beta.perfectomobile.com/nexperience/singletest/report/?reportRepositoryKey=PRIVATE:RemoteWebDriver/161011/RemoteWebDriver_16-10-11_23_41_15_3723.xml&amp;ownerId=uzie@perfectomobile.com&amp;sharingCode=7ad0264e-5f2a-409f-8606-2f6d0c8831f5, locationContextEnabled=true, takesScreenshot=true, browserName=MobileOS, scriptName=RemoteWebDriver, javascriptEnabled=true, reportKey=PRIVATE:RemoteWebDriver/161011/RemoteWebDriver_16-10-11_23_41_15_3723.xml, windTunnelReportUrl=https://beta.perfectomobile.com/nexperience/singletest/report/?reportRepositoryKey=PRIVATE:RemoteWebDriver/161011/RemoteWebDriver_16-10-11_23_41_15_3723.xml&amp;ownerId=uzie@perfectomobile.com&amp;sharingCode=7ad0264e-5f2a-409f-8606-2f6d0c8831f5, user=, cssSelectorsEnabled=true}]
Session ID: ec508163-47b8-4164-b6f4-f1e7aab629f0">
      <![CDATA[org.openqa.selenium.WebDriverException: Failed to execute command BLE GenerateChar: Unexpected error occurred while processing command 'BLE GenerateChar'. Error message: String index out of range: -8
Command duration or timeout: 1.09 seconds
Build info: version: '2.53.0', revision: '35ae25b1534ae328c771e0856c93e187490ca824', time: '2016-03-15 10:43:46'
System info: host: 'UziMac.fios-router.home', ip: '192.168.1.155', os.name: 'Mac OS X', os.arch: 'x86_64', os.version: '10.11.1', java.version: '1.8.0_45'
Driver info: com.qmetry.qaf.automation.ui.webdriver.QAFExtendedWebDriver
Capabilities [{rotatable=true, testGridReportUrl=https://beta.reporting-01.perfectomobile.com?externalId[0]=uzie@perfectomobile.com_RemoteWebDriver_16-10-11_23_41_15_3723, entityType=remote_web_driver, deviceName=F15118A63C51D54E3CEA474B32CFE2ECDAF1AB70, serverConnector=, platform=ANY, executionId=uzie@perfectomobile.com_RemoteWebDriver_16-10-11_23_41_15_3723, password=, webdriver.remote.sessionid=ec508163-47b8-4164-b6f4-f1e7aab629f0, automationName=Appium, host=beta.perfectomobile.com, singleTestReportUrl=https://beta.perfectomobile.com/nexperience/singletest/report/?reportRepositoryKey=PRIVATE:RemoteWebDriver/161011/RemoteWebDriver_16-10-11_23_41_15_3723.xml&ownerId=uzie@perfectomobile.com&sharingCode=7ad0264e-5f2a-409f-8606-2f6d0c8831f5, locationContextEnabled=true, takesScreenshot=true, browserName=MobileOS, scriptName=RemoteWebDriver, javascriptEnabled=true, reportKey=PRIVATE:RemoteWebDriver/161011/RemoteWebDriver_16-10-11_23_41_15_3723.xml, windTunnelReportUrl=https://beta.perfectomobile.com/nexperience/singletest/report/?reportRepositoryKey=PRIVATE:RemoteWebDriver/161011/RemoteWebDriver_16-10-11_23_41_15_3723.xml&ownerId=uzie@perfectomobile.com&sharingCode=7ad0264e-5f2a-409f-8606-2f6d0c8831f5, user=, cssSelectorsEnabled=true}]
Session ID: ec508163-47b8-4164-b6f4-f1e7aab629f0
	at sun.reflect.NativeConstructorAccessorImpl.newInstance0(Native Method)
	at sun.reflect.NativeConstructorAccessorImpl.newInstance(NativeConstructorAccessorImpl.java:62)
	at sun.reflect.DelegatingConstructorAccessorImpl.newInstance(DelegatingConstructorAccessorImpl.java:45)
	at java.lang.reflect.Constructor.newInstance(Constructor.java:422)
	at org.openqa.selenium.remote.ErrorHandler.createThrowable(ErrorHandler.java:206)
	at org.openqa.selenium.remote.ErrorHandler.throwIfResponseFailed(ErrorHandler.java:158)
	at org.openqa.selenium.remote.RemoteWebDriver.execute(RemoteWebDriver.java:678)
	at com.qmetry.qaf.automation.ui.webdriver.QAFExtendedWebDriver.execute(QAFExtendedWebDriver.java:223)
	at com.qmetry.qaf.automation.ui.webdriver.QAFExtendedWebDriver.executeScript(QAFExtendedWebDriver.java:508)
	at com.perfectomobile.quantum.utils.BLEUtils.BLEStartChar(BLEUtils.java:26)
	at com.perfectomobile.quantum.java.tests.audio.BLEtest.check10(BLEtest.java:43)
	at sun.reflect.NativeMethodAccessorImpl.invoke0(Native Method)
	at sun.reflect.NativeMethodAccessorImpl.invoke(NativeMethodAccessorImpl.java:62)
	at sun.reflect.DelegatingMethodAccessorImpl.invoke(DelegatingMethodAccessorImpl.java:43)
	at java.lang.reflect.Method.invoke(Method.java:497)
	at org.testng.internal.MethodInvocationHelper.invokeMethod(MethodInvocationHelper.java:86)
	at org.testng.internal.Invoker.invokeMethod(Invoker.java:643)
	at org.testng.internal.Invoker.invokeTestMethod(Invoker.java:820)
	at org.testng.internal.Invoker.invokeTestMethods(Invoker.java:1128)
	at org.testng.internal.TestMethodWorker.invokeTestMethods(TestMethodWorker.java:129)
	at org.testng.internal.TestMethodWorker.run(TestMethodWorker.java:112)
	at org.testng.TestRunner.privateRun(TestRunner.java:782)
	at org.testng.TestRunner.run(TestRunner.java:632)
	at org.testng.SuiteRunner.runTest(SuiteRunner.java:366)
	at org.testng.SuiteRunner.access$000(SuiteRunner.java:39)
	at org.testng.SuiteRunner$SuiteWorker.run(SuiteRunner.java:400)
	at org.testng.internal.thread.ThreadUtil$2.call(ThreadUtil.java:64)
	at java.util.concurrent.FutureTask.run(FutureTask.java:266)
	at java.util.concurrent.ThreadPoolExecutor.runWorker(ThreadPoolExecutor.java:1142)
	at java.util.concurrent.ThreadPoolExecutor$Worker.run(ThreadPoolExecutor.java:617)
	at java.lang.Thread.run(Thread.java:745)
Caused by: java.lang.RuntimeException: Failed to execute command BLE GenerateChar: Unexpected error occurred while processing command 'BLE GenerateChar'. Error message: String index out of range: -8
	at com.perfectomobile.selenium.MobileEntity.processCommonResponse(MobileEntity.java:98)
	at com.perfectomobile.selenium.MobileDevice.processResponse(MobileDevice.java:510)
	at com.perfectomobile.selenium.MobileEntity.executeDataCommand(MobileEntity.java:68)
	at com.perfectomobile.selenium.MobileEntity.executeDataCommand(MobileEntity.java:61)
	at com.perfectomobile.selenium.MobileDevice.executeGenericCommand(MobileDevice.java:581)
	at com.perfectomobile.selenium.MobileDevice.executeGenericCommand(MobileDevice.java:57)
	at com.perfectomobile.selenium.server.appium.ExecuteScript.executeGenericCommand(ExecuteScript.java:95)
	at com.perfectomobile.selenium.server.appium.ExecuteScript.executeGenericCommand(ExecuteScript.java:65)
	at com.perfectomobile.selenium.server.appium.ExecuteScript.mobileCall(ExecuteScript.java:47)
	at com.perfectomobile.selenium.server.MobileWebDriverHandler.call(MobileWebDriverHandler.java:26)
	at java.util.concurrent.FutureTask.run(FutureTask.java:266)
	at org.openqa.selenium.remote.server.MobileDefaultSession$1.run(MobileDefaultSession.java:182)
	... 3 more
]]>
    </error>
  </testcase> <!-- check10 -->
  <testcase name="data" time="7.732" classname="com.perfectomobile.quantum.java.tests.audio.BLEtest"/>
</testsuite> <!-- com.perfectomobile.quantum.java.tests.audio.BLEtest -->
