<?xml version="1.0" encoding="UTF-8"?>
<!-- Generated by org.testng.reporters.JUnitReportReporter -->
<testsuite hostname="UziMac.fios-router.home" name="com.perfectomobile.quantum.java.tests.audio.PMTL" tests="2" failures="0" timestamp="19 Oct 2016 14:54:42 GMT" time="213.663" errors="1">
  <testcase name="ebay" time="106.811" classname="com.perfectomobile.quantum.java.tests.audio.PMTL"/>
  <testcase name="ebay" time="106.852" classname="com.perfectomobile.quantum.java.tests.audio.PMTL">
    <error type="org.openqa.selenium.WebDriverException" message="Attempt to use a closed device
Command duration or timeout: 33 milliseconds
Build info: version: &#039;2.53.0&#039;, revision: &#039;35ae25b1534ae328c771e0856c93e187490ca824&#039;, time: &#039;2016-03-15 10:43:46&#039;
System info: host: &#039;UziMac.fios-router.home&#039;, ip: &#039;192.168.1.155&#039;, os.name: &#039;Mac OS X&#039;, os.arch: &#039;x86_64&#039;, os.version: &#039;10.11.1&#039;, java.version: &#039;1.8.0_45&#039;
Driver info: com.qmetry.qaf.automation.ui.webdriver.QAFExtendedWebDriver
Capabilities [{rotatable=true, testGridReportUrl=https://DUMMY_SSO_TENANT_ID.reporting-01.perfectomobile.com?externalId[0]=uzie@perfectomobile.com_RemoteWebDriver_16-10-19_14_52_58_2, entityType=remote_web_driver, serverConnector=, deviceName=A5E58152551801914DF137179CCE414D7459E610, platform=ANY, executionId=uzie@perfectomobile.com_RemoteWebDriver_16-10-19_14_52_58_2, password=, webdriver.remote.sessionid=8490798c-81ad-4d8e-80c4-92f943417df2, automationName=Appium, host=adam-test.perfectomobile.com, singleTestReportUrl=https://adam-test.perfectomobile.com/nexperience/singletest/report/?reportRepositoryKey=PRIVATE:RemoteWebDriver/RemoteWebDriver_16-10-19_14_52_58_2.xml&amp;ownerId=uzie@perfectomobile.com&amp;sharingCode=97d532ae-43bb-423c-9419-030740871da6, locationContextEnabled=true, scriptName=RemoteWebDriver, browserName=MobileOS, takesScreenshot=true, javascriptEnabled=true, reportKey=PRIVATE:RemoteWebDriver/RemoteWebDriver_16-10-19_14_52_58_2.xml, windTunnelReportUrl=https://adam-test.perfectomobile.com/nexperience/singletest/report/?reportRepositoryKey=PRIVATE:RemoteWebDriver/RemoteWebDriver_16-10-19_14_52_58_2.xml&amp;ownerId=uzie@perfectomobile.com&amp;sharingCode=97d532ae-43bb-423c-9419-030740871da6, user=, cssSelectorsEnabled=true}]
Session ID: 8490798c-81ad-4d8e-80c4-92f943417df2">
      <![CDATA[org.openqa.selenium.WebDriverException: Attempt to use a closed device
Command duration or timeout: 33 milliseconds
Build info: version: '2.53.0', revision: '35ae25b1534ae328c771e0856c93e187490ca824', time: '2016-03-15 10:43:46'
System info: host: 'UziMac.fios-router.home', ip: '192.168.1.155', os.name: 'Mac OS X', os.arch: 'x86_64', os.version: '10.11.1', java.version: '1.8.0_45'
Driver info: com.qmetry.qaf.automation.ui.webdriver.QAFExtendedWebDriver
Capabilities [{rotatable=true, testGridReportUrl=https://DUMMY_SSO_TENANT_ID.reporting-01.perfectomobile.com?externalId[0]=uzie@perfectomobile.com_RemoteWebDriver_16-10-19_14_52_58_2, entityType=remote_web_driver, serverConnector=, deviceName=A5E58152551801914DF137179CCE414D7459E610, platform=ANY, executionId=uzie@perfectomobile.com_RemoteWebDriver_16-10-19_14_52_58_2, password=, webdriver.remote.sessionid=8490798c-81ad-4d8e-80c4-92f943417df2, automationName=Appium, host=adam-test.perfectomobile.com, singleTestReportUrl=https://adam-test.perfectomobile.com/nexperience/singletest/report/?reportRepositoryKey=PRIVATE:RemoteWebDriver/RemoteWebDriver_16-10-19_14_52_58_2.xml&ownerId=uzie@perfectomobile.com&sharingCode=97d532ae-43bb-423c-9419-030740871da6, locationContextEnabled=true, scriptName=RemoteWebDriver, browserName=MobileOS, takesScreenshot=true, javascriptEnabled=true, reportKey=PRIVATE:RemoteWebDriver/RemoteWebDriver_16-10-19_14_52_58_2.xml, windTunnelReportUrl=https://adam-test.perfectomobile.com/nexperience/singletest/report/?reportRepositoryKey=PRIVATE:RemoteWebDriver/RemoteWebDriver_16-10-19_14_52_58_2.xml&ownerId=uzie@perfectomobile.com&sharingCode=97d532ae-43bb-423c-9419-030740871da6, user=, cssSelectorsEnabled=true}]
Session ID: 8490798c-81ad-4d8e-80c4-92f943417df2
	at sun.reflect.NativeConstructorAccessorImpl.newInstance0(Native Method)
	at sun.reflect.NativeConstructorAccessorImpl.newInstance(NativeConstructorAccessorImpl.java:62)
	at sun.reflect.DelegatingConstructorAccessorImpl.newInstance(DelegatingConstructorAccessorImpl.java:45)
	at java.lang.reflect.Constructor.newInstance(Constructor.java:422)
	at org.openqa.selenium.remote.ErrorHandler.createThrowable(ErrorHandler.java:206)
	at org.openqa.selenium.remote.ErrorHandler.throwIfResponseFailed(ErrorHandler.java:158)
	at org.openqa.selenium.remote.RemoteWebDriver.execute(RemoteWebDriver.java:678)
	at com.qmetry.qaf.automation.ui.webdriver.QAFExtendedWebDriver.execute(QAFExtendedWebDriver.java:223)
	at com.qmetry.qaf.automation.ui.webdriver.QAFExtendedWebDriver.executeScript(QAFExtendedWebDriver.java:508)
	at com.perfecto.reportium.client.PerfectoReportiumClient.executeScript(PerfectoReportiumClient.java:101)
	at com.perfecto.reportium.client.PerfectoReportiumClient.testStop(PerfectoReportiumClient.java:82)
	at com.perfecto.reportium.testng.ReportiumTestNgListener.reportTestEnd(ReportiumTestNgListener.java:238)
	at com.perfecto.reportium.testng.ReportiumTestNgListener.afterInvocation(ReportiumTestNgListener.java:114)
	at org.testng.internal.invokers.InvokedMethodListenerInvoker$InvokeAfterInvocationWithoutContextStrategy.callMethod(InvokedMethodListenerInvoker.java:100)
	at org.testng.internal.invokers.InvokedMethodListenerInvoker.invokeListener(InvokedMethodListenerInvoker.java:62)
	at org.testng.internal.Invoker.runInvokedMethodListeners(Invoker.java:556)
	at org.testng.internal.Invoker.invokeMethod(Invoker.java:699)
	at org.testng.internal.Invoker.invokeTestMethod(Invoker.java:820)
	at org.testng.internal.Invoker.invokeTestMethods(Invoker.java:1128)
	at org.testng.internal.TestMethodWorker.invokeTestMethods(TestMethodWorker.java:129)
	at org.testng.internal.TestMethodWorker.run(TestMethodWorker.java:112)
	at org.testng.TestRunner.privateRun(TestRunner.java:782)
	at org.testng.TestRunner.run(TestRunner.java:632)
	at org.testng.SuiteRunner.runTest(SuiteRunner.java:366)
	at org.testng.SuiteRunner.access$000(SuiteRunner.java:39)
	at org.testng.SuiteRunner$SuiteWorker.run(SuiteRunner.java:400)
	at org.testng.internal.thread.ThreadUtil$2.call(ThreadUtil.java:64)
	at java.util.concurrent.FutureTask.run(FutureTask.java:266)
	at java.util.concurrent.ThreadPoolExecutor.runWorker(ThreadPoolExecutor.java:1142)
	at java.util.concurrent.ThreadPoolExecutor$Worker.run(ThreadPoolExecutor.java:617)
	at java.lang.Thread.run(Thread.java:745)
Caused by: java.lang.RuntimeException: Attempt to use a closed device
	at com.perfectomobile.selenium.server.PerfectoMobileDriver.getDevice(PerfectoMobileDriver.java:773)
	at com.perfectomobile.selenium.server.appium.ExecuteScript.executeGenericCommand(ExecuteScript.java:85)
	at com.perfectomobile.selenium.server.appium.ExecuteScript.executeGenericCommand(ExecuteScript.java:65)
	at com.perfectomobile.selenium.server.appium.ExecuteScript.mobileCall(ExecuteScript.java:47)
	at com.perfectomobile.selenium.server.MobileWebDriverHandler.call(MobileWebDriverHandler.java:26)
	at java.util.concurrent.FutureTask.run(FutureTask.java:262)
	at org.openqa.selenium.remote.server.DefaultSession$1.run(DefaultSession.java:176)
	at java.util.concurrent.ThreadPoolExecutor.runWorker(ThreadPoolExecutor.java:1145)
	at java.util.concurrent.ThreadPoolExecutor$Worker.run(ThreadPoolExecutor.java:615)
	at java.lang.Thread.run(Thread.java:744)
]]>
    </error>
  </testcase> <!-- ebay -->
</testsuite> <!-- com.perfectomobile.quantum.java.tests.audio.PMTL -->
