<?xml version="1.0" encoding="UTF-8"?>
<!-- Generated by org.testng.reporters.JUnitReportReporter -->
<testsuite hostname="UziMac.local" name="com.perfectomobile.quantum.runners.MyDataProviderRunner" tests="1" failures="1" timestamp="26 Sep 2016 18:53:53 GMT" time="0.002" errors="0">
  <testcase name="feature" time="0.002" classname="com.perfectomobile.quantum.runners.MyDataProviderRunner">
    <failure type="cucumber.runtime.DuplicateStepDefinitionException" message="Duplicate step definitions in com.perfectomobile.quantum.steps.PerfectoDeviceSteps.rotateToLandscape() in file:/Users/uzie/Documents/dev/workspace/Quantum/BDDSample/target/classes/ and com.perfectomobile.quantum.steps.PerfectoDeviceSteps.rotateToLandscape() in file:/Users/uzie/Documents/dev/workspace/Quantum/BDDSample/target/classes/">
      <![CDATA[cucumber.runtime.DuplicateStepDefinitionException: Duplicate step definitions in com.perfectomobile.quantum.steps.PerfectoDeviceSteps.rotateToLandscape() in file:/Users/uzie/Documents/dev/workspace/Quantum/BDDSample/target/classes/ and com.perfectomobile.quantum.steps.PerfectoDeviceSteps.rotateToLandscape() in file:/Users/uzie/Documents/dev/workspace/Quantum/BDDSample/target/classes/
	at cucumber.runtime.RuntimeGlue.addStepDefinition(RuntimeGlue.java:33)
	at cucumber.runtime.java.JavaBackend.addStepDefinition(JavaBackend.java:151)
	at cucumber.runtime.java.MethodScanner.scan(MethodScanner.java:68)
	at cucumber.runtime.java.MethodScanner.scan(MethodScanner.java:41)
	at cucumber.runtime.java.JavaBackend.loadGlue(JavaBackend.java:86)
	at cucumber.runtime.Runtime.<init>(Runtime.java:91)
	at cucumber.runtime.Runtime.<init>(Runtime.java:69)
	at cucumber.runtime.Runtime.<init>(Runtime.java:65)
	at cucumber.api.testng.TestNGCucumberRunner.<init>(TestNGCucumberRunner.java:42)
	at com.perfectomobile.quantum.runners.FeatureFactory.setUpClass(FeatureFactory.java:85)
	at sun.reflect.NativeMethodAccessorImpl.invoke0(Native Method)
	at sun.reflect.NativeMethodAccessorImpl.invoke(NativeMethodAccessorImpl.java:62)
	at sun.reflect.DelegatingMethodAccessorImpl.invoke(DelegatingMethodAccessorImpl.java:43)
	at java.lang.reflect.Method.invoke(Method.java:497)
	at org.testng.internal.MethodInvocationHelper.invokeMethod(MethodInvocationHelper.java:84)
	at org.testng.internal.Invoker.invokeConfigurationMethod(Invoker.java:564)
	at org.testng.internal.Invoker.invokeConfigurations(Invoker.java:213)
	at org.testng.internal.Invoker.invokeConfigurations(Invoker.java:138)
	at org.testng.SuiteRunner.privateRun(SuiteRunner.java:291)
	at org.testng.SuiteRunner.run(SuiteRunner.java:254)
	at org.testng.SuiteRunnerWorker.runSuite(SuiteRunnerWorker.java:52)
	at org.testng.SuiteRunnerWorker.run(SuiteRunnerWorker.java:86)
	at org.testng.TestNG.runSuitesSequentially(TestNG.java:1224)
	at org.testng.TestNG.runSuitesLocally(TestNG.java:1149)
	at org.testng.TestNG.run(TestNG.java:1057)
	at org.testng.remote.AbstractRemoteTestNG.run(AbstractRemoteTestNG.java:126)
	at org.testng.remote.RemoteTestNG.initAndRun(RemoteTestNG.java:152)
	at org.testng.remote.RemoteTestNG.main(RemoteTestNG.java:57)
]]>
    </failure>
  </testcase> <!-- feature -->
</testsuite> <!-- com.perfectomobile.quantum.runners.MyDataProviderRunner -->
