<?xml version="1.0" encoding="UTF-8"?>
<!-- Generated by org.testng.reporters.JUnitReportReporter -->
<testsuite hostname="UziMac.local" name="com.perfectomobile.quantum.java.tests.audio.AudioTest" tests="1" failures="0" timestamp="5 Oct 2016 15:11:32 GMT" time="70.706" errors="0">
  <testcase name="check10" time="70.706" classname="com.perfectomobile.quantum.java.tests.audio.AudioTest"/>
</testsuite> <!-- com.perfectomobile.quantum.java.tests.audio.AudioTest -->
